<?xml version="1.0" encoding="UTF-8"?>
<!-- Generated by org.testng.reporters.JUnitReportReporter -->
<testsuite skipped="0" hostname="LAPTOP-PA1M93V0" name="Framework.TestParam2" tests="5" failures="0" timestamp="20 Jun 2020 05:39:15 GMT" time="0.036" errors="0">
  <testcase name="testin" time="0.006" classname="Framework.TestParam2"/>
  <testcase name="testin1" time="0.004" classname="Framework.TestParam2"/>
  <testcase name="add1" time="0.015" classname="Framework.TestParam2"/>
  <testcase name="testin2" time="0.003" classname="Framework.TestParam2"/>
  <testcase name="testin1" time="0.008" classname="Framework.TestParam2"/>
</testsuite> <!-- Framework.TestParam2 -->
