<?xml version="1.0" encoding="UTF-8"?>
<!-- Generated by org.testng.reporters.JUnitReportReporter -->
<testsuite skipped="0" hostname="LAPTOP-PA1M93V0" name="Framework.TestParms" tests="2" failures="0" timestamp="05 Jun 2020 14:52:02 GMT" time="0.035" errors="0">
  <testcase name="add" time="0.034" classname="Framework.TestParms"/>
  <testcase name="add1" time="0.001" classname="Framework.TestParms"/>
</testsuite> <!-- Framework.TestParms -->
