<?xml version="1.0" encoding="UTF-8"?>
<!-- Generated by org.testng.reporters.JUnitReportReporter -->
<testsuite skipped="1" hostname="LAPTOP-PA1M93V0" name="Framework.TestDataprovider" tests="3" failures="0" timestamp="05 Jun 2020 15:14:38 GMT" time="0.023" errors="0">
  <testcase name="test" time="0.000" classname="Framework.TestDataprovider">
    <skipped/>
  </testcase> <!-- test -->
  <testcase name="testdataprovider2" time="0.017" classname="Framework.TestDataprovider"/>
  <testcase name="testdataprovider2" time="0.006" classname="Framework.TestDataprovider"/>
</testsuite> <!-- Framework.TestDataprovider -->
