<?xml version="1.0" encoding="UTF-8"?>
<!-- Generated by org.testng.reporters.JUnitReportReporter -->
<testsuite skipped="0" hostname="LAPTOP-PA1M93V0" name="Framework.ThreadpoolTest" tests="8" failures="0" timestamp="20 Jun 2020 05:58:26 GMT" time="0.176" errors="0">
  <testcase name="test2" time="0.005" classname="Framework.ThreadpoolTest"/>
  <testcase name="test1" time="0.032" classname="Framework.ThreadpoolTest"/>
  <testcase name="test3" time="0.031" classname="Framework.ThreadpoolTest"/>
  <testcase name="test2" time="0.032" classname="Framework.ThreadpoolTest"/>
  <testcase name="test2" time="0.005" classname="Framework.ThreadpoolTest"/>
  <testcase name="test2" time="0.032" classname="Framework.ThreadpoolTest"/>
  <testcase name="test2" time="0.007" classname="Framework.ThreadpoolTest"/>
  <testcase name="test2" time="0.032" classname="Framework.ThreadpoolTest"/>
</testsuite> <!-- Framework.ThreadpoolTest -->
