<?xml version="1.0" encoding="UTF-8"?>
<!-- Generated by org.testng.reporters.JUnitReportReporter -->
<testsuite skipped="0" hostname="LAPTOP-PA1M93V0" name="Framework.SoftAssertions" tests="1" failures="0" timestamp="22 May 2020 18:28:56 GMT" time="0.000" errors="0">
  <testcase name="assertionTest" time="0.000" classname="Framework.SoftAssertions"/>
</testsuite> <!-- Framework.SoftAssertions -->
