<?xml version="1.0" encoding="UTF-8"?>
<!-- Generated by org.testng.reporters.JUnitReportReporter -->
<testsuite skipped="0" hostname="LAPTOP-PA1M93V0" name="Framework.DPexecutionorderTest" tests="1" failures="0" timestamp="05 Jun 2020 15:13:26 GMT" time="0.006" errors="0">
  <testcase name="test" time="0.006" classname="Framework.DPexecutionorderTest"/>
</testsuite> <!-- Framework.DPexecutionorderTest -->
