<?xml version="1.0" encoding="UTF-8"?>
<!-- Generated by org.testng.reporters.JUnitReportReporter -->
<testsuite skipped="0" hostname="LAPTOP-PA1M93V0" name="Singleton.Testclass1" tests="2" failures="0" timestamp="01 Jun 2020 20:32:51 GMT" time="13.141" errors="0">
  <testcase name="test3" time="0.000" classname="Singleton.Testclass1"/>
  <testcase name="test1" time="13.141" classname="Singleton.Testclass1"/>
</testsuite> <!-- Singleton.Testclass1 -->
