<?xml version="1.0" encoding="UTF-8"?>
<!-- Generated by org.testng.reporters.JUnitReportReporter -->
<testsuite skipped="0" hostname="LAPTOP-PA1M93V0" name="Singleton.Testclass2" tests="1" failures="0" timestamp="01 Jun 2020 20:32:51 GMT" time="0.001" errors="0">
  <testcase name="test2" time="0.001" classname="Singleton.Testclass2"/>
</testsuite> <!-- Singleton.Testclass2 -->
