<?xml version="1.0" encoding="UTF-8"?>
<!-- Generated by org.testng.reporters.JUnitReportReporter -->
<testsuite skipped="0" hostname="LAPTOP-PA1M93V0" name="Framework.PracticeTestNG" tests="4" failures="0" timestamp="22 May 2020 18:28:56 GMT" time="0.047" errors="0">
  <testcase name="Login1" time="0.037" classname="Framework.PracticeTestNG"/>
  <testcase name="Login" time="0.003" classname="Framework.PracticeTestNG"/>
  <testcase name="abc" time="0.007" classname="Framework.PracticeTestNG"/>
  <testcase name="dbclose" time="0.000" classname="Framework.PracticeTestNG"/>
</testsuite> <!-- Framework.PracticeTestNG -->
